1 6 12
7 5 2
2 8 4
2 16 3
15 12 16
6 4 14
1 2 8
3 3 13
1 14 3
2 13 5
18 1 12
16 1 8
6 18 7
16 15 3
2 3 3
13 6 10
18 17 16
11 2 11
12 16 10
6 7 11
16 11 15
3 9 3
13 11 2
9 13 10
5 8 7
8 6 5
2 15 14
13 4 7
15 8 1
9 20 12
2 11 9
15 8 4
6 1 13
12 7 5
15 3 10
11 19 12
18 15 16
11 17 11
9 6 10
12 12 13
17 17 13
4 4 1
14 10 8
14 9 9
11 8 20
6 4 3
8 12 11
7 15 11
2 1 9
19 2 10
9 7 10
5 5 6
18 12 2
6 18 1
9 15 10
1 8 11
1 6 4
12 9 11
16 1 4
15 13 12
11 3 14
8 12 1
11 11 2
5 17 14
5 15 10
8 8 2
9 10 18
14 17 10
3 9 6
8 3 4
1 17 11
6 10 13
6 11 3
3 13 5
11 6 12
5 3 2
13 13 12
2 2 19
13 9 1
5 13 4
8 16 4
9 8 3
3 8 3
12 3 6
13 11 8
7 19 3
8 1 3
10 2 10
4 15 4
1 14 5
14 13 10
2 8 14
2 13 15
5 5 11
1 10 12
7 9 13
13 4 1
3 7 15
6 4 2
14 12 2

70768
